
.\cmpsctst.rexx .\files\large\ebcdic\ .\dicts\ .\work\ -speed -r 250 -z 0:0 -bb 0:0 -a 0

Starting CMPSC speed test; 3 files and 3 dictionaries selected.

---------------------------------------------------------------------------------------------------
Begin: 2016/07/19  03:54:27
---------------------------------------------------------------------------------------------------

CMPSC Instruction Testing Tool, 64-bit version 2.6.2.65-g4919a93-modified
Copyright (C) 2012-2016, Software Development Laboratories

cmpsctst.exe
-v 
-c
-i 0:0:.\files\large\ebcdic\SMP-E_0C4\SMPE-0C4.bin
-o 0:0:.\work\cmpout.bin
-z 0:0
-b 0:0
-d .\dicts\FMT-1\CDSS-2\FishTest\DICT.12C
-x .\dicts\FMT-1\CDSS-2\FishTest\DICT.12E
-a 0
-w 8
-s 2
-1
-r 250

Using algorithm "CMPSC 2012".
Increasing process and thread priority.

  16777216 byte input  buffer (offset    0 bytes)
  16777216 byte output buffer (offset    0 bytes)
     16384 byte dictionary buffer
        No Enable CMPSC-Enhancement Facility
        No Request Zero Padding
       250 repetitions
   3663840 bytes in
   2413937 bytes out
    65.89% ratio
    376250 MADDRs

Ready(0); T=21.14/21.26 03:54:48 07/19/16


CMPSC Instruction Testing Tool, 64-bit version 2.6.2.65-g4919a93-modified
Copyright (C) 2012-2016, Software Development Laboratories

cmpsctst.exe
-v 
-e
-i 0:0:.\work\cmpout.bin
-o 0:0:.\work\expout.txt
-z 0:0
-b 0:0
-d .\dicts\FMT-1\CDSS-2\FishTest\DICT.12C
-x .\dicts\FMT-1\CDSS-2\FishTest\DICT.12E
-a 0
-w 8
-s 2
-1
-r 250

Using algorithm "CMPSC 2012".
Increasing process and thread priority.

  16777216 byte input  buffer (offset    0 bytes)
  16777216 byte output buffer (offset    0 bytes)
     16384 byte dictionary buffer
        No Enable CMPSC-Enhancement Facility
        No Request Zero Padding
       250 repetitions
   2413937 bytes in
   3663840 bytes out
    65.89% ratio
    373750 MADDRs

Ready(0); T=6.21/6.29 03:54:54 07/19/16

---------------------------------------------------------------------------------------------------

CMPSC Instruction Testing Tool, 64-bit version 2.6.2.65-g4919a93-modified
Copyright (C) 2012-2016, Software Development Laboratories

cmpsctst.exe
-v 
-c
-i 0:0:.\files\large\ebcdic\SMP-E_0C4\SMPE-0C4.bin
-o 0:0:.\work\cmpout.bin
-z 0:0
-b 0:0
-d .\dicts\FMT-1\CDSS-5\FishTest\DICT.15C
-x .\dicts\FMT-1\CDSS-5\FishTest\DICT.15E
-a 0
-w 8
-s 5
-1
-r 250

Using algorithm "CMPSC 2012".
Increasing process and thread priority.

  16777216 byte input  buffer (offset    0 bytes)
  16777216 byte output buffer (offset    0 bytes)
    131072 byte dictionary buffer
        No Enable CMPSC-Enhancement Facility
        No Request Zero Padding
       250 repetitions
   3663840 bytes in
   3100907 bytes out
    84.64% ratio
    420250 MADDRs

Ready(0); T=22.23/22.25 03:55:16 07/19/16


CMPSC Instruction Testing Tool, 64-bit version 2.6.2.65-g4919a93-modified
Copyright (C) 2012-2016, Software Development Laboratories

cmpsctst.exe
-v 
-e
-i 0:0:.\work\cmpout.bin
-o 0:0:.\work\expout.txt
-z 0:0
-b 0:0
-d .\dicts\FMT-1\CDSS-5\FishTest\DICT.15C
-x .\dicts\FMT-1\CDSS-5\FishTest\DICT.15E
-a 0
-w 8
-s 5
-1
-r 250

Using algorithm "CMPSC 2012".
Increasing process and thread priority.

  16777216 byte input  buffer (offset    0 bytes)
  16777216 byte output buffer (offset    0 bytes)
    131072 byte dictionary buffer
        No Enable CMPSC-Enhancement Facility
        No Request Zero Padding
       250 repetitions
   3100907 bytes in
   3663840 bytes out
    84.64% ratio
    416500 MADDRs

Ready(0); T=6.54/6.55 03:55:23 07/19/16

---------------------------------------------------------------------------------------------------

CMPSC Instruction Testing Tool, 64-bit version 2.6.2.65-g4919a93-modified
Copyright (C) 2012-2016, Software Development Laboratories

cmpsctst.exe
-v 
-c
-i 0:0:.\files\large\ebcdic\SMP-E_0C4\SMPE-0C4.bin
-o 0:0:.\work\cmpout.bin
-z 0:0
-b 0:0
-d .\dicts\FMT-1\CDSS-5\SMP-E_0C4\SMPE-0C4.15C
-x .\dicts\FMT-1\CDSS-5\SMP-E_0C4\SMPE-0C4.15E
-a 0
-w 8
-s 5
-1
-r 250

Using algorithm "CMPSC 2012".
Increasing process and thread priority.

  16777216 byte input  buffer (offset    0 bytes)
  16777216 byte output buffer (offset    0 bytes)
    131072 byte dictionary buffer
        No Enable CMPSC-Enhancement Facility
        No Request Zero Padding
       250 repetitions
   3663840 bytes in
   1243281 bytes out
    33.93% ratio
    333250 MADDRs

Ready(0); T=19.52/19.53 03:55:43 07/19/16


CMPSC Instruction Testing Tool, 64-bit version 2.6.2.65-g4919a93-modified
Copyright (C) 2012-2016, Software Development Laboratories

cmpsctst.exe
-v 
-e
-i 0:0:.\work\cmpout.bin
-o 0:0:.\work\expout.txt
-z 0:0
-b 0:0
-d .\dicts\FMT-1\CDSS-5\SMP-E_0C4\SMPE-0C4.15C
-x .\dicts\FMT-1\CDSS-5\SMP-E_0C4\SMPE-0C4.15E
-a 0
-w 8
-s 5
-1
-r 250

Using algorithm "CMPSC 2012".
Increasing process and thread priority.

  16777216 byte input  buffer (offset    0 bytes)
  16777216 byte output buffer (offset    0 bytes)
    131072 byte dictionary buffer
        No Enable CMPSC-Enhancement Facility
        No Request Zero Padding
       250 repetitions
   1243281 bytes in
   3663840 bytes out
    33.93% ratio
    308250 MADDRs

Ready(0); T=4.65/4.71 03:55:47 07/19/16

---------------------------------------------------------------------------------------------------

CMPSC Instruction Testing Tool, 64-bit version 2.6.2.65-g4919a93-modified
Copyright (C) 2012-2016, Software Development Laboratories

cmpsctst.exe
-v 
-c
-i 0:0:.\files\large\ebcdic\SUPA\SUPA-EBCDIC.txt
-o 0:0:.\work\cmpout.bin
-z 0:0
-b 0:0
-d .\dicts\FMT-1\CDSS-2\FishTest\DICT.12C
-x .\dicts\FMT-1\CDSS-2\FishTest\DICT.12E
-a 0
-w 8
-s 2
-1
-r 250

Using algorithm "CMPSC 2012".
Increasing process and thread priority.

  16777216 byte input  buffer (offset    0 bytes)
  16777216 byte output buffer (offset    0 bytes)
     16384 byte dictionary buffer
        No Enable CMPSC-Enhancement Facility
        No Request Zero Padding
       250 repetitions
   3973960 bytes in
   2373583 bytes out
    59.73% ratio
    393250 MADDRs

Ready(0); T=25.47/25.47 03:56:13 07/19/16


CMPSC Instruction Testing Tool, 64-bit version 2.6.2.65-g4919a93-modified
Copyright (C) 2012-2016, Software Development Laboratories

cmpsctst.exe
-v 
-e
-i 0:0:.\work\cmpout.bin
-o 0:0:.\work\expout.txt
-z 0:0
-b 0:0
-d .\dicts\FMT-1\CDSS-2\FishTest\DICT.12C
-x .\dicts\FMT-1\CDSS-2\FishTest\DICT.12E
-a 0
-w 8
-s 2
-1
-r 250

Using algorithm "CMPSC 2012".
Increasing process and thread priority.

  16777216 byte input  buffer (offset    0 bytes)
  16777216 byte output buffer (offset    0 bytes)
     16384 byte dictionary buffer
        No Enable CMPSC-Enhancement Facility
        No Request Zero Padding
       250 repetitions
   2373583 bytes in
   3973960 bytes out
    59.73% ratio
    390250 MADDRs

Ready(0); T=7.92/7.94 03:56:21 07/19/16

---------------------------------------------------------------------------------------------------

CMPSC Instruction Testing Tool, 64-bit version 2.6.2.65-g4919a93-modified
Copyright (C) 2012-2016, Software Development Laboratories

cmpsctst.exe
-v 
-c
-i 0:0:.\files\large\ebcdic\SUPA\SUPA-EBCDIC.txt
-o 0:0:.\work\cmpout.bin
-z 0:0
-b 0:0
-d .\dicts\FMT-1\CDSS-5\FishTest\DICT.15C
-x .\dicts\FMT-1\CDSS-5\FishTest\DICT.15E
-a 0
-w 8
-s 5
-1
-r 250

Using algorithm "CMPSC 2012".
Increasing process and thread priority.

  16777216 byte input  buffer (offset    0 bytes)
  16777216 byte output buffer (offset    0 bytes)
    131072 byte dictionary buffer
        No Enable CMPSC-Enhancement Facility
        No Request Zero Padding
       250 repetitions
   3973960 bytes in
   2926658 bytes out
    73.65% ratio
    429000 MADDRs

Ready(0); T=26.64/26.66 03:56:48 07/19/16


CMPSC Instruction Testing Tool, 64-bit version 2.6.2.65-g4919a93-modified
Copyright (C) 2012-2016, Software Development Laboratories

cmpsctst.exe
-v 
-e
-i 0:0:.\work\cmpout.bin
-o 0:0:.\work\expout.txt
-z 0:0
-b 0:0
-d .\dicts\FMT-1\CDSS-5\FishTest\DICT.15C
-x .\dicts\FMT-1\CDSS-5\FishTest\DICT.15E
-a 0
-w 8
-s 5
-1
-r 250

Using algorithm "CMPSC 2012".
Increasing process and thread priority.

  16777216 byte input  buffer (offset    0 bytes)
  16777216 byte output buffer (offset    0 bytes)
    131072 byte dictionary buffer
        No Enable CMPSC-Enhancement Facility
        No Request Zero Padding
       250 repetitions
   2926658 bytes in
   3973960 bytes out
    73.65% ratio
    424750 MADDRs

Ready(0); T=8.16/8.17 03:56:56 07/19/16

---------------------------------------------------------------------------------------------------

CMPSC Instruction Testing Tool, 64-bit version 2.6.2.65-g4919a93-modified
Copyright (C) 2012-2016, Software Development Laboratories

cmpsctst.exe
-v 
-c
-i 0:0:.\files\large\ebcdic\SUPA\SUPA-EBCDIC.txt
-o 0:0:.\work\cmpout.bin
-z 0:0
-b 0:0
-d .\dicts\FMT-1\CDSS-5\SMP-E_0C4\SMPE-0C4.15C
-x .\dicts\FMT-1\CDSS-5\SMP-E_0C4\SMPE-0C4.15E
-a 0
-w 8
-s 5
-1
-r 250

Using algorithm "CMPSC 2012".
Increasing process and thread priority.

  16777216 byte input  buffer (offset    0 bytes)
  16777216 byte output buffer (offset    0 bytes)
    131072 byte dictionary buffer
        No Enable CMPSC-Enhancement Facility
        No Request Zero Padding
       250 repetitions
   3973960 bytes in
   2354887 bytes out
    59.26% ratio
    410500 MADDRs

Ready(0); T=26.89/26.96 03:57:23 07/19/16


CMPSC Instruction Testing Tool, 64-bit version 2.6.2.65-g4919a93-modified
Copyright (C) 2012-2016, Software Development Laboratories

cmpsctst.exe
-v 
-e
-i 0:0:.\work\cmpout.bin
-o 0:0:.\work\expout.txt
-z 0:0
-b 0:0
-d .\dicts\FMT-1\CDSS-5\SMP-E_0C4\SMPE-0C4.15C
-x .\dicts\FMT-1\CDSS-5\SMP-E_0C4\SMPE-0C4.15E
-a 0
-w 8
-s 5
-1
-r 250

Using algorithm "CMPSC 2012".
Increasing process and thread priority.

  16777216 byte input  buffer (offset    0 bytes)
  16777216 byte output buffer (offset    0 bytes)
    131072 byte dictionary buffer
        No Enable CMPSC-Enhancement Facility
        No Request Zero Padding
       250 repetitions
   2354887 bytes in
   3973960 bytes out
    59.26% ratio
    396500 MADDRs

Ready(0); T=7.61/7.64 03:57:30 07/19/16

---------------------------------------------------------------------------------------------------

CMPSC Instruction Testing Tool, 64-bit version 2.6.2.65-g4919a93-modified
Copyright (C) 2012-2016, Software Development Laboratories

cmpsctst.exe
-v 
-c
-i 0:0:.\files\large\ebcdic\TSTCMPSC\LARGE-TSTCMPSC-EBCDIC.txt
-o 0:0:.\work\cmpout.bin
-z 0:0
-b 0:0
-d .\dicts\FMT-1\CDSS-2\FishTest\DICT.12C
-x .\dicts\FMT-1\CDSS-2\FishTest\DICT.12E
-a 0
-w 8
-s 2
-1
-r 250

Using algorithm "CMPSC 2012".
Increasing process and thread priority.

  16777216 byte input  buffer (offset    0 bytes)
  16777216 byte output buffer (offset    0 bytes)
     16384 byte dictionary buffer
        No Enable CMPSC-Enhancement Facility
        No Request Zero Padding
       250 repetitions
   3967488 bytes in
    911040 bytes out
    22.96% ratio
    303500 MADDRs

Ready(0); T=17.91/17.92 03:57:48 07/19/16


CMPSC Instruction Testing Tool, 64-bit version 2.6.2.65-g4919a93-modified
Copyright (C) 2012-2016, Software Development Laboratories

cmpsctst.exe
-v 
-e
-i 0:0:.\work\cmpout.bin
-o 0:0:.\work\expout.txt
-z 0:0
-b 0:0
-d .\dicts\FMT-1\CDSS-2\FishTest\DICT.12C
-x .\dicts\FMT-1\CDSS-2\FishTest\DICT.12E
-a 0
-w 8
-s 2
-1
-r 250

Using algorithm "CMPSC 2012".
Increasing process and thread priority.

  16777216 byte input  buffer (offset    0 bytes)
  16777216 byte output buffer (offset    0 bytes)
     16384 byte dictionary buffer
        No Enable CMPSC-Enhancement Facility
        No Request Zero Padding
       250 repetitions
    911040 bytes in
   3967488 bytes out
    22.96% ratio
    298500 MADDRs

Ready(0); T=4.82/4.87 03:57:53 07/19/16

---------------------------------------------------------------------------------------------------

CMPSC Instruction Testing Tool, 64-bit version 2.6.2.65-g4919a93-modified
Copyright (C) 2012-2016, Software Development Laboratories

cmpsctst.exe
-v 
-c
-i 0:0:.\files\large\ebcdic\TSTCMPSC\LARGE-TSTCMPSC-EBCDIC.txt
-o 0:0:.\work\cmpout.bin
-z 0:0
-b 0:0
-d .\dicts\FMT-1\CDSS-5\FishTest\DICT.15C
-x .\dicts\FMT-1\CDSS-5\FishTest\DICT.15E
-a 0
-w 8
-s 5
-1
-r 250

Using algorithm "CMPSC 2012".
Increasing process and thread priority.

  16777216 byte input  buffer (offset    0 bytes)
  16777216 byte output buffer (offset    0 bytes)
    131072 byte dictionary buffer
        No Enable CMPSC-Enhancement Facility
        No Request Zero Padding
       250 repetitions
   3967488 bytes in
   1114464 bytes out
    28.09% ratio
    318000 MADDRs

Ready(0); T=17.85/17.85 03:58:11 07/19/16


CMPSC Instruction Testing Tool, 64-bit version 2.6.2.65-g4919a93-modified
Copyright (C) 2012-2016, Software Development Laboratories

cmpsctst.exe
-v 
-e
-i 0:0:.\work\cmpout.bin
-o 0:0:.\work\expout.txt
-z 0:0
-b 0:0
-d .\dicts\FMT-1\CDSS-5\FishTest\DICT.15C
-x .\dicts\FMT-1\CDSS-5\FishTest\DICT.15E
-a 0
-w 8
-s 5
-1
-r 250

Using algorithm "CMPSC 2012".
Increasing process and thread priority.

  16777216 byte input  buffer (offset    0 bytes)
  16777216 byte output buffer (offset    0 bytes)
    131072 byte dictionary buffer
        No Enable CMPSC-Enhancement Facility
        No Request Zero Padding
       250 repetitions
   1114464 bytes in
   3967488 bytes out
    28.09% ratio
    312500 MADDRs

Ready(0); T=4.76/4.79 03:58:16 07/19/16

---------------------------------------------------------------------------------------------------

CMPSC Instruction Testing Tool, 64-bit version 2.6.2.65-g4919a93-modified
Copyright (C) 2012-2016, Software Development Laboratories

cmpsctst.exe
-v 
-c
-i 0:0:.\files\large\ebcdic\TSTCMPSC\LARGE-TSTCMPSC-EBCDIC.txt
-o 0:0:.\work\cmpout.bin
-z 0:0
-b 0:0
-d .\dicts\FMT-1\CDSS-5\SMP-E_0C4\SMPE-0C4.15C
-x .\dicts\FMT-1\CDSS-5\SMP-E_0C4\SMPE-0C4.15E
-a 0
-w 8
-s 5
-1
-r 250

Using algorithm "CMPSC 2012".
Increasing process and thread priority.

  16777216 byte input  buffer (offset    0 bytes)
  16777216 byte output buffer (offset    0 bytes)
    131072 byte dictionary buffer
        No Enable CMPSC-Enhancement Facility
        No Request Zero Padding
       250 repetitions
   3967488 bytes in
   2025088 bytes out
    51.04% ratio
    388500 MADDRs

Ready(0); T=23.79/23.79 03:58:40 07/19/16


CMPSC Instruction Testing Tool, 64-bit version 2.6.2.65-g4919a93-modified
Copyright (C) 2012-2016, Software Development Laboratories

cmpsctst.exe
-v 
-e
-i 0:0:.\work\cmpout.bin
-o 0:0:.\work\expout.txt
-z 0:0
-b 0:0
-d .\dicts\FMT-1\CDSS-5\SMP-E_0C4\SMPE-0C4.15C
-x .\dicts\FMT-1\CDSS-5\SMP-E_0C4\SMPE-0C4.15E
-a 0
-w 8
-s 5
-1
-r 250

Using algorithm "CMPSC 2012".
Increasing process and thread priority.

  16777216 byte input  buffer (offset    0 bytes)
  16777216 byte output buffer (offset    0 bytes)
    131072 byte dictionary buffer
        No Enable CMPSC-Enhancement Facility
        No Request Zero Padding
       250 repetitions
   2025088 bytes in
   3967488 bytes out
    51.04% ratio
    372500 MADDRs

Ready(0); T=6.46/6.49 03:58:46 07/19/16

---------------------------------------------------------------------------------------------------
End: 2016/07/19  03:58:46
---------------------------------------------------------------------------------------------------

 9 Compressions: 9 Pass, 0 Fail = 100.0% Success,   0.0% Failure

 9 Expansions:   9 Pass, 0 Fail = 100.0% Success,   0.0% Failure

 9 MD5 Compares: 9 Pass, 0 Fail = 100.0% Success,   0.0% Failure

---------------------------------------------------------------------------------------------------

 9 TOTAL TESTS:  9 PASS, 0 FAIL = 100.0% SUCCESS,   0.0% FAILURE

---------------------------------------------------------------------------------------------------
Duration:  00:04:19.959  (4 minutes, 19.959 seconds)
---------------------------------------------------------------------------------------------------
